<?xml version="1.0" encoding="UTF-8"?>
<!-- Generated by org.testng.reporters.JUnitXMLReporter -->
<testsuite ignored="1" hostname="DESKTOP-F52EDBA" failures="0" tests="9" name="Test" time="0.121" errors="0" timestamp="2023-01-25T18:23:48 IST">
  <testcase classname="groupexecution.ThirdTest" name="test0" time="0.018"/>
  <testcase classname="groupexecution.ThirdTest" name="test1" time="0.001"/>
  <testcase classname="groupexecution.ThirdTest" name="test2" time="0.002"/>
  <testcase classname="groupexecution.SecondTest" name="test0" time="0.003"/>
  <testcase classname="groupexecution.SecondTest" name="test1" time="0.001"/>
  <testcase classname="groupexecution.SecondTest" name="test2" time="0.001"/>
  <testcase classname="groupexecution.FirstTest" name="test0" time="0.001"/>
  <testcase classname="groupexecution.FirstTest" name="test1" time="0.001"/>
  <testcase classname="groupexecution.FirstTest" name="test2" time="0.001"/>
  <testcase classname="groupexecution.ThirdTest" name="test3" time="0.0">
    <ignored/>
  </testcase> <!-- test3 -->
</testsuite> <!-- Test -->
