<?xml version="1.0" encoding="UTF-8"?>
<!-- Generated by org.testng.reporters.JUnitXMLReporter -->
<testsuite ignored="0" hostname="DESKTOP-F52EDBA" failures="0" tests="4" name="Test" time="0.07" errors="0" timestamp="2023-02-04T17:49:10 IST">
  <testcase classname="batchexecution.ThirdTest" name="thirdTest" time="0.011"/>
  <testcase classname="batchexecution.FourthTest" name="fourthTest" time="0.001"/>
  <testcase classname="batchexecution.SecondTest" name="secondTest" time="0.002"/>
  <testcase classname="batchexecution.FirstTest" name="firstTest" time="0.002"/>
</testsuite> <!-- Test -->
