<?xml version="1.0" encoding="UTF-8"?>
<testng-results ignored="0" total="6" passed="6" failed="0" skipped="0">
  <reporter-output>
  </reporter-output>
  <suite started-at="2023-02-04T17:53:02 IST" name="Suite" finished-at="2023-02-04T17:53:02 IST" duration-ms="75">
    <groups>
    </groups>
    <test started-at="2023-02-04T17:53:02 IST" name="Test2" finished-at="2023-02-04T17:53:02 IST" duration-ms="74">
      <class name="distributedparallel.ThirdTest">
        <test-method signature="thirdTest()[pri:0, instance:distributedparallel.ThirdTest@74e28667]" started-at="2023-02-04T17:53:02 IST" name="thirdTest" finished-at="2023-02-04T17:53:02 IST" duration-ms="2" status="PASS">
          <reporter-output>
          </reporter-output>
        </test-method> <!-- thirdTest -->
      </class> <!-- distributedparallel.ThirdTest -->
      <class name="distributedparallel.FourthTest">
        <test-method signature="fourthTest()[pri:0, instance:distributedparallel.FourthTest@7161d8d1]" started-at="2023-02-04T17:53:02 IST" name="fourthTest" finished-at="2023-02-04T17:53:02 IST" duration-ms="12" status="PASS">
          <reporter-output>
          </reporter-output>
        </test-method> <!-- fourthTest -->
      </class> <!-- distributedparallel.FourthTest -->
    </test> <!-- Test2 -->
    <test started-at="2023-02-04T17:53:02 IST" name="Test3" finished-at="2023-02-04T17:53:02 IST" duration-ms="74">
      <class name="distributedparallel.FifthTest">
        <test-method signature="fifthTest()[pri:0, instance:distributedparallel.FifthTest@6bbe85a8]" started-at="2023-02-04T17:53:02 IST" name="fifthTest" finished-at="2023-02-04T17:53:02 IST" duration-ms="12" status="PASS">
          <reporter-output>
          </reporter-output>
        </test-method> <!-- fifthTest -->
      </class> <!-- distributedparallel.FifthTest -->
      <class name="distributedparallel.SixthTest">
        <test-method signature="sixthTest()[pri:0, instance:distributedparallel.SixthTest@3a7442c7]" started-at="2023-02-04T17:53:02 IST" name="sixthTest" finished-at="2023-02-04T17:53:02 IST" duration-ms="3" status="PASS">
          <reporter-output>
          </reporter-output>
        </test-method> <!-- sixthTest -->
      </class> <!-- distributedparallel.SixthTest -->
    </test> <!-- Test3 -->
    <test started-at="2023-02-04T17:53:02 IST" name="Test1" finished-at="2023-02-04T17:53:02 IST" duration-ms="75">
      <class name="distributedparallel.SecondTest">
        <test-method signature="secondTest()[pri:0, instance:distributedparallel.SecondTest@272113c4]" started-at="2023-02-04T17:53:02 IST" name="secondTest" finished-at="2023-02-04T17:53:02 IST" duration-ms="12" status="PASS">
          <reporter-output>
          </reporter-output>
        </test-method> <!-- secondTest -->
      </class> <!-- distributedparallel.SecondTest -->
      <class name="distributedparallel.FirstTest">
        <test-method signature="firstTest()[pri:0, instance:distributedparallel.FirstTest@2e6a8155]" started-at="2023-02-04T17:53:02 IST" name="firstTest" finished-at="2023-02-04T17:53:02 IST" duration-ms="3" status="PASS">
          <reporter-output>
          </reporter-output>
        </test-method> <!-- firstTest -->
      </class> <!-- distributedparallel.FirstTest -->
    </test> <!-- Test1 -->
  </suite> <!-- Suite -->
</testng-results>
