<?xml version="1.0" encoding="UTF-8"?>
<testng-results ignored="0" total="1" passed="1" failed="0" skipped="0">
  <reporter-output>
  </reporter-output>
  <suite started-at="2023-02-01T18:40:06 IST" name="Default suite" finished-at="2023-02-01T18:40:15 IST" duration-ms="8783">
    <groups>
    </groups>
    <test started-at="2023-02-01T18:40:06 IST" name="Default test" finished-at="2023-02-01T18:40:15 IST" duration-ms="8783">
      <class name="grid.Practice1">
        <test-method signature="demo()[pri:0, instance:grid.Practice1@1ed6388a]" started-at="2023-02-01T18:40:07 IST" name="demo" finished-at="2023-02-01T18:40:15 IST" duration-ms="8709" status="PASS">
          <reporter-output>
          </reporter-output>
        </test-method> <!-- demo -->
      </class> <!-- grid.Practice1 -->
    </test> <!-- Default test -->
  </suite> <!-- Default suite -->
</testng-results>
